0 info it worked if it ends with ok
1 verbose cli [ '/usr/local/bin/node', '/usr/local/bin/npm', 'run', 'test' ]
2 info using npm@4.1.2
3 info using node@v7.7.4
4 verbose run-script [ 'pretest', 'test', 'posttest' ]
5 info lifecycle boilermaker@1.0.0~pretest: boilermaker@1.0.0
6 silly lifecycle boilermaker@1.0.0~pretest: no script for pretest, continuing
7 info lifecycle boilermaker@1.0.0~test: boilermaker@1.0.0
8 verbose lifecycle boilermaker@1.0.0~test: unsafe-perm in lifecycle true
9 verbose lifecycle boilermaker@1.0.0~test: PATH: /usr/local/lib/node_modules/npm/bin/node-gyp-bin:/Users/davidsehl/Desktop/Fullstack/sugar-rush/node_modules/.bin:/usr/bin:/bin:/usr/sbin:/sbin:/usr/local/bin:/Applications/Postgres.app/Contents/Versions/latest/bin
10 verbose lifecycle boilermaker@1.0.0~test: CWD: /Users/davidsehl/Desktop/Fullstack/sugar-rush
11 silly lifecycle boilermaker@1.0.0~test: Args: [ '-c',
11 silly lifecycle   'NODE_ENV=\'test\' DATABASE_URL=\'postgres://localhost:5432/boilermaker-test\' mocha ./server/**/*.spec.js ./server/**/**/*.spec.js ./client/**/*.spec.js --compilers js:babel-register' ]
12 silly lifecycle boilermaker@1.0.0~test: Returned: code: 1  signal: null
13 info lifecycle boilermaker@1.0.0~test: Failed to exec test script
14 verbose stack Error: boilermaker@1.0.0 test: `NODE_ENV='test' DATABASE_URL='postgres://localhost:5432/boilermaker-test' mocha ./server/**/*.spec.js ./server/**/**/*.spec.js ./client/**/*.spec.js --compilers js:babel-register`
14 verbose stack Exit status 1
14 verbose stack     at EventEmitter.<anonymous> (/usr/local/lib/node_modules/npm/lib/utils/lifecycle.js:279:16)
14 verbose stack     at emitTwo (events.js:106:13)
14 verbose stack     at EventEmitter.emit (events.js:194:7)
14 verbose stack     at ChildProcess.<anonymous> (/usr/local/lib/node_modules/npm/lib/utils/spawn.js:40:14)
14 verbose stack     at emitTwo (events.js:106:13)
14 verbose stack     at ChildProcess.emit (events.js:194:7)
14 verbose stack     at maybeClose (internal/child_process.js:899:16)
14 verbose stack     at Process.ChildProcess._handle.onexit (internal/child_process.js:226:5)
15 verbose pkgid boilermaker@1.0.0
16 verbose cwd /Users/davidsehl/Desktop/Fullstack/sugar-rush
17 error Darwin 16.7.0
18 error argv "/usr/local/bin/node" "/usr/local/bin/npm" "run" "test"
19 error node v7.7.4
20 error npm  v4.1.2
21 error code ELIFECYCLE
22 error boilermaker@1.0.0 test: `NODE_ENV='test' DATABASE_URL='postgres://localhost:5432/boilermaker-test' mocha ./server/**/*.spec.js ./server/**/**/*.spec.js ./client/**/*.spec.js --compilers js:babel-register`
22 error Exit status 1
23 error Failed at the boilermaker@1.0.0 test script 'NODE_ENV='test' DATABASE_URL='postgres://localhost:5432/boilermaker-test' mocha ./server/**/*.spec.js ./server/**/**/*.spec.js ./client/**/*.spec.js --compilers js:babel-register'.
23 error Make sure you have the latest version of node.js and npm installed.
23 error If you do, this is most likely a problem with the boilermaker package,
23 error not with npm itself.
23 error Tell the author that this fails on your system:
23 error     NODE_ENV='test' DATABASE_URL='postgres://localhost:5432/boilermaker-test' mocha ./server/**/*.spec.js ./server/**/**/*.spec.js ./client/**/*.spec.js --compilers js:babel-register
23 error You can get information on how to open an issue for this project with:
23 error     npm bugs boilermaker
23 error Or if that isn't available, you can get their info via:
23 error     npm owner ls boilermaker
23 error There is likely additional logging output above.
24 verbose exit [ 1, true ]
